c:\users\arturo\documents\visual studio 2015\projects\dimensio\dimensio\x64\debug\vc140.pdb
c:\users\arturo\documents\visual studio 2015\projects\dimensio\dimensio\x64\debug\vc140.idb
c:\users\arturo\documents\visual studio 2015\projects\dimensio\dimensio\x64\debug\bitmapclass.nativecodeanalysis.xml
c:\users\arturo\documents\visual studio 2015\projects\dimensio\dimensio\x64\debug\cameraclass.nativecodeanalysis.xml
c:\users\arturo\documents\visual studio 2015\projects\dimensio\dimensio\x64\debug\colorshaderclass.nativecodeanalysis.xml
c:\users\arturo\documents\visual studio 2015\projects\dimensio\dimensio\x64\debug\d3dclass.nativecodeanalysis.xml
c:\users\arturo\documents\visual studio 2015\projects\dimensio\dimensio\x64\debug\fontclass.nativecodeanalysis.xml
c:\users\arturo\documents\visual studio 2015\projects\dimensio\dimensio\x64\debug\fontshaderclass.nativecodeanalysis.xml
c:\users\arturo\documents\visual studio 2015\projects\dimensio\dimensio\x64\debug\graphicsclass.nativecodeanalysis.xml
c:\users\arturo\documents\visual studio 2015\projects\dimensio\dimensio\x64\debug\inputclass.nativecodeanalysis.xml
c:\users\arturo\documents\visual studio 2015\projects\dimensio\dimensio\x64\debug\legomodelclass.nativecodeanalysis.xml
c:\users\arturo\documents\visual studio 2015\projects\dimensio\dimensio\x64\debug\lightclass.nativecodeanalysis.xml
c:\users\arturo\documents\visual studio 2015\projects\dimensio\dimensio\x64\debug\lightshaderclass.nativecodeanalysis.xml
c:\users\arturo\documents\visual studio 2015\projects\dimensio\dimensio\x64\debug\main.nativecodeanalysis.xml
c:\users\arturo\documents\visual studio 2015\projects\dimensio\dimensio\x64\debug\modelclass.nativecodeanalysis.xml
c:\users\arturo\documents\visual studio 2015\projects\dimensio\dimensio\x64\debug\systemclass.nativecodeanalysis.xml
c:\users\arturo\documents\visual studio 2015\projects\dimensio\dimensio\x64\debug\textclass.nativecodeanalysis.xml
c:\users\arturo\documents\visual studio 2015\projects\dimensio\dimensio\x64\debug\textureclass.nativecodeanalysis.xml
c:\users\arturo\documents\visual studio 2015\projects\dimensio\dimensio\x64\debug\textureshaderclass.nativecodeanalysis.xml
c:\users\arturo\documents\visual studio 2015\projects\dimensio\dimensio\x64\debug\textureshaderclass.obj
c:\users\arturo\documents\visual studio 2015\projects\dimensio\dimensio\x64\debug\textureclass.obj
c:\users\arturo\documents\visual studio 2015\projects\dimensio\dimensio\x64\debug\textclass.obj
c:\users\arturo\documents\visual studio 2015\projects\dimensio\dimensio\x64\debug\systemclass.obj
c:\users\arturo\documents\visual studio 2015\projects\dimensio\dimensio\x64\debug\modelclass.obj
c:\users\arturo\documents\visual studio 2015\projects\dimensio\dimensio\x64\debug\main.obj
c:\users\arturo\documents\visual studio 2015\projects\dimensio\dimensio\x64\debug\lightshaderclass.obj
c:\users\arturo\documents\visual studio 2015\projects\dimensio\dimensio\x64\debug\lightclass.obj
c:\users\arturo\documents\visual studio 2015\projects\dimensio\dimensio\x64\debug\legomodelclass.obj
c:\users\arturo\documents\visual studio 2015\projects\dimensio\dimensio\x64\debug\inputclass.obj
c:\users\arturo\documents\visual studio 2015\projects\dimensio\dimensio\x64\debug\graphicsclass.obj
c:\users\arturo\documents\visual studio 2015\projects\dimensio\dimensio\x64\debug\fontshaderclass.obj
c:\users\arturo\documents\visual studio 2015\projects\dimensio\dimensio\x64\debug\fontclass.obj
c:\users\arturo\documents\visual studio 2015\projects\dimensio\dimensio\x64\debug\d3dclass.obj
c:\users\arturo\documents\visual studio 2015\projects\dimensio\dimensio\x64\debug\colorshaderclass.obj
c:\users\arturo\documents\visual studio 2015\projects\dimensio\dimensio\x64\debug\cameraclass.obj
c:\users\arturo\documents\visual studio 2015\projects\dimensio\dimensio\x64\debug\bitmapclass.obj
c:\users\arturo\documents\visual studio 2015\projects\dimensio\dimensio\x64\debug\soundclass.obj
c:\users\arturo\documents\visual studio 2015\projects\dimensio\dimensio\x64\debug\cpuclass.obj
c:\users\arturo\documents\visual studio 2015\projects\dimensio\dimensio\x64\debug\fpsclass.obj
c:\users\arturo\documents\visual studio 2015\projects\dimensio\dimensio\x64\debug\timerclass.obj
c:\users\arturo\documents\visual studio 2015\projects\dimensio\dimensio\x64\debug\celshaderclass.obj
c:\users\arturo\documents\visual studio 2015\projects\dimensio\dimensio\x64\debug\celmodelclass.obj
c:\users\arturo\documents\visual studio 2015\projects\dimensio\dimensio\x64\debug\basicmodelclass.obj
c:\users\arturo\documents\visual studio 2015\projects\dimensio\dimensio\x64\debug\physicsclass.obj
c:\users\arturo\documents\visual studio 2015\projects\dimensio\dimensio\x64\debug\gamepad.obj
c:\users\arturo\documents\visual studio 2015\projects\dimensio\dimensio\x64\debug\cpuclass.nativecodeanalysis.xml
c:\users\arturo\documents\visual studio 2015\projects\dimensio\dimensio\x64\debug\fpsclass.nativecodeanalysis.xml
c:\users\arturo\documents\visual studio 2015\projects\dimensio\dimensio\x64\debug\gamepad.nativecodeanalysis.xml
c:\users\arturo\documents\visual studio 2015\projects\dimensio\dimensio\x64\debug\physicsclass.nativecodeanalysis.xml
c:\users\arturo\documents\visual studio 2015\projects\dimensio\dimensio\x64\debug\soundclass.nativecodeanalysis.xml
c:\users\arturo\documents\visual studio 2015\projects\dimensio\dimensio\x64\debug\timerclass.nativecodeanalysis.xml
c:\users\arturo\documents\visual studio 2015\projects\dimensio\dimensio\x64\debug\basicmodelclass.nativecodeanalysis.xml
c:\users\arturo\documents\visual studio 2015\projects\dimensio\dimensio\x64\debug\celmodelclass.nativecodeanalysis.xml
c:\users\arturo\documents\visual studio 2015\projects\dimensio\dimensio\x64\debug\celshaderclass.nativecodeanalysis.xml
c:\users\arturo\documents\visual studio 2015\projects\dimensio\x64\debug\dimensio.ilk
c:\users\arturo\documents\visual studio 2015\projects\dimensio\x64\debug\dimensio.exe
c:\users\arturo\documents\visual studio 2015\projects\dimensio\x64\debug\dimensio.pdb
c:\users\arturo\documents\visual studio 2015\projects\dimensio\dimensio\x64\debug\nativecodeanalysis.read.1.tlog
c:\users\arturo\documents\visual studio 2015\projects\dimensio\dimensio\x64\debug\vc.nativecodeanalysis.all.xml
c:\users\arturo\documents\visual studio 2015\projects\dimensio\x64\debug\dimensio.exe.lastcodeanalysissucceeded
c:\users\arturo\documents\visual studio 2015\projects\dimensio\dimensio\x64\debug\dimensio.tlog\cl.command.1.tlog
c:\users\arturo\documents\visual studio 2015\projects\dimensio\dimensio\x64\debug\dimensio.tlog\cl.read.1.tlog
c:\users\arturo\documents\visual studio 2015\projects\dimensio\dimensio\x64\debug\dimensio.tlog\cl.write.1.tlog
c:\users\arturo\documents\visual studio 2015\projects\dimensio\dimensio\x64\debug\dimensio.tlog\link.command.1.tlog
c:\users\arturo\documents\visual studio 2015\projects\dimensio\dimensio\x64\debug\dimensio.tlog\link.read.1.tlog
c:\users\arturo\documents\visual studio 2015\projects\dimensio\dimensio\x64\debug\dimensio.tlog\link.write.1.tlog
